$ node dist/index.js
node:internal/modules/cjs/loader:1503
  throw err;
  ^

Error: Cannot find module '/home/atdoc/projects/radicale-desktop/apps/server/dist/index.js'
    at Module._resolveFilename (node:internal/modules/cjs/loader:1500:15)
    at wrapResolveFilename (node:internal/modules/cjs/loader:1071:27)
    at defaultResolveImplForCJSLoading (node:internal/modules/cjs/loader:1095:10)
    at resolveForCJSWithHooks (node:internal/modules/cjs/loader:1116:12)
    at Module._load (node:internal/modules/cjs/loader:1285:25)
    at wrapModuleLoad (node:internal/modules/cjs/loader:255:19)
    at Module.executeUserEntryPoint [as runMain] (node:internal/modules/run_main:154:5)
    at node:internal/main/run_main_module:33:47 {
  code: 'MODULE_NOT_FOUND',
  requireStack: []
}

Node.js v24.16.0
/home/atdoc/projects/radicale-desktop/apps/server:
[ERR_PNPM_RECURSIVE_RUN_FIRST_FAIL] calendar-server@0.1.0 start: `node dist/index.js`
Exit status 1
